# JRE version: OpenJDK Runtime Environment Corretto-17.0.13.11.1 (17.0.13+11) (build 17.0.13+11-LTS)
# Java VM: OpenJDK 64-Bit Server VM Corretto-17.0.13.11.1 (17.0.13+11-LTS, mixed mode, emulated-client, sharing, tiered, compressed oops, compressed class ptrs, g1 gc, windows-amd64)
GC Precious Log:
 CPUs: 20 total, 20 available
 Memory: 16128M
 Large Page Support: Disabled
 NUMA Support: Disabled
 Compressed Oops: Enabled (Zero based)
 Heap Region Size: 2M
 Heap Min Capacity: 8M
 Heap Initial Capacity: 254M
 Heap Max Capacity: 4034M
 Pre-touch: Disabled
 Parallel Workers: 15
 Concurrent Workers: 4
 Concurrent Refinement Workers: 15
 Periodic GC: Disabled
Heap:
 garbage-first heap   total 280576K, used 77292K [0x0000000703e00000, 0x0000000800000000)
  region size 2048K, 1 young (2048K), 1 survivors (2048K)
 Metaspace       used 121299K, committed 122240K, reserved 1179648K
  class space    used 16326K, committed 16704K, reserved 1048576K
GC Heap History (20 events):
Event: 2106.413 GC heap after
{Heap after GC invocations=39 (full 0):
 garbage-first heap   total 303104K, used 79048K [0x0000000703e00000, 0x0000000800000000)
  region size 2048K, 2 young (4096K), 2 survivors (4096K)
 Metaspace       used 121455K, committed 122240K, reserved 1179648K
  class space    used 16364K, committed 16704K, reserved 1048576K
}
Event: 2457.786 GC heap before
{Heap before GC invocations=40 (full 0):
 garbage-first heap   total 274432K, used 236744K [0x0000000703e00000, 0x0000000800000000)
  region size 2048K, 80 young (163840K), 2 survivors (4096K)
 Metaspace       used 121392K, committed 122240K, reserved 1179648K
  class space    used 16347K, committed 16704K, reserved 1048576K
}
Event: 2457.790 GC heap after
{Heap after GC invocations=41 (full 0):
 garbage-first heap   total 274432K, used 81042K [0x0000000703e00000, 0x0000000800000000)
  region size 2048K, 3 young (6144K), 3 survivors (6144K)
 Metaspace       used 121392K, committed 122240K, reserved 1179648K
  class space    used 16347K, committed 16704K, reserved 1048576K
}
Event: 2457.811 GC heap before
{Heap before GC invocations=41 (full 0):
 garbage-first heap   total 274432K, used 85138K [0x0000000703e00000, 0x0000000800000000)
  region size 2048K, 6 young (12288K), 3 survivors (6144K)
 Metaspace       used 121392K, committed 122240K, reserved 1179648K
  class space    used 16347K, committed 16704K, reserved 1048576K
}
Event: 2457.815 GC heap after
{Heap after GC invocations=42 (full 0):
 garbage-first heap   total 274432K, used 79731K [0x0000000703e00000, 0x0000000800000000)
  region size 2048K, 1 young (2048K), 1 survivors (2048K)
 Metaspace       used 121392K, committed 122240K, reserved 1179648K
  class space    used 16347K, committed 16704K, reserved 1048576K
}
Event: 2458.345 GC heap before
{Heap before GC invocations=42 (full 0):
 garbage-first heap   total 274432K, used 227187K [0x0000000703e00000, 0x0000000800000000)
  region size 2048K, 73 young (149504K), 1 survivors (2048K)
 Metaspace       used 121392K, committed 122240K, reserved 1179648K
  class space    used 16347K, committed 16704K, reserved 1048576K
}
Event: 2458.347 GC heap after
{Heap after GC invocations=43 (full 0):
 garbage-first heap   total 274432K, used 79177K [0x0000000703e00000, 0x0000000800000000)
  region size 2048K, 1 young (2048K), 1 survivors (2048K)
 Metaspace       used 121392K, committed 122240K, reserved 1179648K
  class space    used 16347K, committed 16704K, reserved 1048576K
}
Event: 2458.834 GC heap before
{Heap before GC invocations=44 (full 0):
 garbage-first heap   total 274432K, used 230729K [0x0000000703e00000, 0x0000000800000000)
  region size 2048K, 75 young (153600K), 1 survivors (2048K)
 Metaspace       used 121297K, committed 122240K, reserved 1179648K
  class space    used 16326K, committed 16704K, reserved 1048576K
}
Event: 2458.836 GC heap after
{Heap after GC invocations=45 (full 0):
 garbage-first heap   total 548864K, used 79008K [0x0000000703e00000, 0x0000000800000000)
  region size 2048K, 1 young (2048K), 1 survivors (2048K)
 Metaspace       used 121297K, committed 122240K, reserved 1179648K
  class space    used 16326K, committed 16704K, reserved 1048576K
}
Event: 2458.918 GC heap before
{Heap before GC invocations=45 (full 0):
 garbage-first heap   total 548864K, used 103584K [0x0000000703e00000, 0x0000000800000000)
  region size 2048K, 13 young (26624K), 1 survivors (2048K)
 Metaspace       used 121297K, committed 122240K, reserved 1179648K
  class space    used 16326K, committed 16704K, reserved 1048576K
}
Event: 2458.921 GC heap after
{Heap after GC invocations=46 (full 0):
 garbage-first heap   total 548864K, used 78331K [0x0000000703e00000, 0x0000000800000000)
  region size 2048K, 1 young (2048K), 1 survivors (2048K)
 Metaspace       used 121297K, committed 122240K, reserved 1179648K
  class space    used 16326K, committed 16704K, reserved 1048576K
}
Event: 2460.123 GC heap before
{Heap before GC invocations=46 (full 0):
 garbage-first heap   total 548864K, used 403963K [0x0000000703e00000, 0x0000000800000000)
  region size 2048K, 160 young (327680K), 1 survivors (2048K)
 Metaspace       used 121299K, committed 122240K, reserved 1179648K
  class space    used 16326K, committed 16704K, reserved 1048576K
}
Event: 2460.124 GC heap after
{Heap after GC invocations=47 (full 0):
 garbage-first heap   total 548864K, used 78828K [0x0000000703e00000, 0x0000000800000000)
  region size 2048K, 1 young (2048K), 1 survivors (2048K)
 Metaspace       used 121299K, committed 122240K, reserved 1179648K
  class space    used 16326K, committed 16704K, reserved 1048576K
}
Event: 2460.775 GC heap before
{Heap before GC invocations=48 (full 0):
 garbage-first heap   total 286720K, used 277484K [0x0000000703e00000, 0x0000000800000000)
  region size 2048K, 99 young (202752K), 1 survivors (2048K)
 Metaspace       used 121299K, committed 122240K, reserved 1179648K
  class space    used 16326K, committed 16704K, reserved 1048576K
}
Event: 2460.777 GC heap after
{Heap after GC invocations=49 (full 0):
 garbage-first heap   total 286720K, used 78336K [0x0000000703e00000, 0x0000000800000000)
  region size 2048K, 1 young (2048K), 1 survivors (2048K)
 Metaspace       used 121299K, committed 122240K, reserved 1179648K
  class space    used 16326K, committed 16704K, reserved 1048576K
}
Event: 2460.816 GC heap before
{Heap before GC invocations=49 (full 0):
 garbage-first heap   total 286720K, used 90624K [0x0000000703e00000, 0x0000000800000000)
  region size 2048K, 7 young (14336K), 1 survivors (2048K)
 Metaspace       used 121299K, committed 122240K, reserved 1179648K
  class space    used 16326K, committed 16704K, reserved 1048576K
}
Event: 2460.825 GC heap after
{Heap after GC invocations=50 (full 0):
 garbage-first heap   total 286720K, used 77437K [0x0000000703e00000, 0x0000000800000000)
  region size 2048K, 1 young (2048K), 1 survivors (2048K)
 Metaspace       used 121299K, committed 122240K, reserved 1179648K
  class space    used 16326K, committed 16704K, reserved 1048576K
}
Event: 2461.351 GC heap before
{Heap before GC invocations=50 (full 0):
 garbage-first heap   total 286720K, used 247421K [0x0000000703e00000, 0x0000000800000000)
  region size 2048K, 84 young (172032K), 1 survivors (2048K)
 Metaspace       used 121299K, committed 122240K, reserved 1179648K
  class space    used 16326K, committed 16704K, reserved 1048576K
}
Event: 2461.353 GC heap after
{Heap after GC invocations=51 (full 0):
 garbage-first heap   total 286720K, used 77111K [0x0000000703e00000, 0x0000000800000000)
  region size 2048K, 1 young (2048K), 1 survivors (2048K)
 Metaspace       used 121299K, committed 122240K, reserved 1179648K
  class space    used 16326K, committed 16704K, reserved 1048576K
}
Event: 2461.973 GC heap before
{Heap before GC invocations=52 (full 0):
 garbage-first heap   total 280576K, used 247095K [0x0000000703e00000, 0x0000000800000000)
  region size 2048K, 84 young (172032K), 1 survivors (2048K)
 Metaspace       used 121299K, committed 122240K, reserved 1179648K
  class space    used 16326K, committed 16704K, reserved 1048576K
}

