# JRE version: OpenJDK Runtime Environment Corretto-17.0.13.11.1 (17.0.13+11) (build 17.0.13+11-LTS)
# Java VM: OpenJDK 64-Bit Server VM Corretto-17.0.13.11.1 (17.0.13+11-LTS, mixed mode, emulated-client, sharing, tiered, compressed oops, compressed class ptrs, g1 gc, windows-amd64)
GC Precious Log:
 CPUs: 20 total, 20 available
 Memory: 16128M
 Large Page Support: Disabled
 NUMA Support: Disabled
 Compressed Oops: Enabled (Zero based)
 Heap Region Size: 2M
 Heap Min Capacity: 8M
 Heap Initial Capacity: 254M
 Heap Max Capacity: 4034M
 Pre-touch: Disabled
 Parallel Workers: 15
 Concurrent Workers: 4
 Concurrent Refinement Workers: 15
 Periodic GC: Disabled
Heap:
 garbage-first heap   total 122880K, used 51638K [0x0000000703e00000, 0x0000000800000000)
  region size 2048K, 4 young (8192K), 4 survivors (8192K)
 Metaspace       used 67700K, committed 68224K, reserved 1114112K
  class space    used 8968K, committed 9216K, reserved 1048576K
GC Heap History (20 events):
Event: 1.206 GC heap after
{Heap after GC invocations=3 (full 0):
 garbage-first heap   total 260096K, used 19166K [0x0000000703e00000, 0x0000000800000000)
  region size 2048K, 3 young (6144K), 3 survivors (6144K)
 Metaspace       used 13279K, committed 13632K, reserved 1114112K
  class space    used 1763K, committed 1920K, reserved 1048576K
}
Event: 1.417 GC heap before
{Heap before GC invocations=3 (full 0):
 garbage-first heap   total 260096K, used 62174K [0x0000000703e00000, 0x0000000800000000)
  region size 2048K, 25 young (51200K), 3 survivors (6144K)
 Metaspace       used 21196K, committed 21504K, reserved 1114112K
  class space    used 2656K, committed 2816K, reserved 1048576K
}
Event: 1.420 GC heap after
{Heap after GC invocations=4 (full 0):
 garbage-first heap   total 260096K, used 21711K [0x0000000703e00000, 0x0000000800000000)
  region size 2048K, 4 young (8192K), 4 survivors (8192K)
 Metaspace       used 21196K, committed 21504K, reserved 1114112K
  class space    used 2656K, committed 2816K, reserved 1048576K
}
Event: 1.804 GC heap before
{Heap before GC invocations=5 (full 0):
 garbage-first heap   total 90112K, used 64719K [0x0000000703e00000, 0x0000000800000000)
  region size 2048K, 26 young (53248K), 4 survivors (8192K)
 Metaspace       used 24788K, committed 25088K, reserved 1114112K
  class space    used 3109K, committed 3264K, reserved 1048576K
}
Event: 1.811 GC heap after
{Heap after GC invocations=6 (full 0):
 garbage-first heap   total 90112K, used 25649K [0x0000000703e00000, 0x0000000800000000)
  region size 2048K, 4 young (8192K), 4 survivors (8192K)
 Metaspace       used 24788K, committed 25088K, reserved 1114112K
  class space    used 3109K, committed 3264K, reserved 1048576K
}
Event: 1.831 GC heap before
{Heap before GC invocations=6 (full 0):
 garbage-first heap   total 90112K, used 27697K [0x0000000703e00000, 0x0000000800000000)
  region size 2048K, 5 young (10240K), 4 survivors (8192K)
 Metaspace       used 24949K, committed 25216K, reserved 1114112K
  class space    used 3136K, committed 3264K, reserved 1048576K
}
Event: 1.835 GC heap after
{Heap after GC invocations=7 (full 0):
 garbage-first heap   total 90112K, used 26317K [0x0000000703e00000, 0x0000000800000000)
  region size 2048K, 1 young (2048K), 1 survivors (2048K)
 Metaspace       used 24949K, committed 25216K, reserved 1114112K
  class space    used 3136K, committed 3264K, reserved 1048576K
}
Event: 2.115 GC heap before
{Heap before GC invocations=7 (full 0):
 garbage-first heap   total 90112K, used 59085K [0x0000000703e00000, 0x0000000800000000)
  region size 2048K, 17 young (34816K), 1 survivors (2048K)
 Metaspace       used 27465K, committed 27776K, reserved 1114112K
  class space    used 3465K, committed 3584K, reserved 1048576K
}
Event: 2.119 GC heap after
{Heap after GC invocations=8 (full 0):
 garbage-first heap   total 153600K, used 27493K [0x0000000703e00000, 0x0000000800000000)
  region size 2048K, 2 young (4096K), 2 survivors (4096K)
 Metaspace       used 27465K, committed 27776K, reserved 1114112K
  class space    used 3465K, committed 3584K, reserved 1048576K
}
Event: 2.925 GC heap before
{Heap before GC invocations=8 (full 0):
 garbage-first heap   total 153600K, used 103269K [0x0000000703e00000, 0x0000000800000000)
  region size 2048K, 41 young (83968K), 2 survivors (4096K)
 Metaspace       used 35627K, committed 35968K, reserved 1114112K
  class space    used 4840K, committed 4992K, reserved 1048576K
}
Event: 2.930 GC heap after
{Heap after GC invocations=9 (full 0):
 garbage-first heap   total 153600K, used 31547K [0x0000000703e00000, 0x0000000800000000)
  region size 2048K, 4 young (8192K), 4 survivors (8192K)
 Metaspace       used 35627K, committed 35968K, reserved 1114112K
  class space    used 4840K, committed 4992K, reserved 1048576K
}
Event: 3.663 GC heap before
{Heap before GC invocations=10 (full 0):
 garbage-first heap   total 122880K, used 97083K [0x0000000703e00000, 0x0000000800000000)
  region size 2048K, 36 young (73728K), 4 survivors (8192K)
 Metaspace       used 46590K, committed 47040K, reserved 1114112K
  class space    used 6193K, committed 6400K, reserved 1048576K
}
Event: 3.668 GC heap after
{Heap after GC invocations=11 (full 0):
 garbage-first heap   total 122880K, used 38377K [0x0000000703e00000, 0x0000000800000000)
  region size 2048K, 5 young (10240K), 5 survivors (10240K)
 Metaspace       used 46590K, committed 47040K, reserved 1114112K
  class space    used 6193K, committed 6400K, reserved 1048576K
}
Event: 4.179 GC heap before
{Heap before GC invocations=11 (full 0):
 garbage-first heap   total 122880K, used 89577K [0x0000000703e00000, 0x0000000800000000)
  region size 2048K, 31 young (63488K), 5 survivors (10240K)
 Metaspace       used 53969K, committed 54464K, reserved 1114112K
  class space    used 7213K, committed 7424K, reserved 1048576K
}
Event: 4.183 GC heap after
{Heap after GC invocations=12 (full 0):
 garbage-first heap   total 122880K, used 42656K [0x0000000703e00000, 0x0000000800000000)
  region size 2048K, 3 young (6144K), 3 survivors (6144K)
 Metaspace       used 53969K, committed 54464K, reserved 1114112K
  class space    used 7213K, committed 7424K, reserved 1048576K
}
Event: 4.605 GC heap before
{Heap before GC invocations=12 (full 0):
 garbage-first heap   total 122880K, used 89760K [0x0000000703e00000, 0x0000000800000000)
  region size 2048K, 27 young (55296K), 3 survivors (6144K)
 Metaspace       used 59673K, committed 60160K, reserved 1114112K
  class space    used 8125K, committed 8320K, reserved 1048576K
}
Event: 4.608 GC heap after
{Heap after GC invocations=13 (full 0):
 garbage-first heap   total 122880K, used 45340K [0x0000000703e00000, 0x0000000800000000)
  region size 2048K, 4 young (8192K), 4 survivors (8192K)
 Metaspace       used 59673K, committed 60160K, reserved 1114112K
  class space    used 8125K, committed 8320K, reserved 1048576K
}
Event: 4.840 GC heap before
{Heap before GC invocations=14 (full 0):
 garbage-first heap   total 122880K, used 90396K [0x0000000703e00000, 0x0000000800000000)
  region size 2048K, 27 young (55296K), 4 survivors (8192K)
 Metaspace       used 61556K, committed 62080K, reserved 1114112K
  class space    used 8326K, committed 8576K, reserved 1048576K
}
Event: 4.843 GC heap after
{Heap after GC invocations=15 (full 0):
 garbage-first heap   total 122880K, used 48058K [0x0000000703e00000, 0x0000000800000000)
  region size 2048K, 4 young (8192K), 4 survivors (8192K)
 Metaspace       used 61556K, committed 62080K, reserved 1114112K
  class space    used 8326K, committed 8576K, reserved 1048576K
}
Event: 5.313 GC heap before
{Heap before GC invocations=15 (full 0):
 garbage-first heap   total 122880K, used 93114K [0x0000000703e00000, 0x0000000800000000)
  region size 2048K, 26 young (53248K), 4 survivors (8192K)
 Metaspace       used 67700K, committed 68224K, reserved 1114112K
  class space    used 8968K, committed 9216K, reserved 1048576K
}

