# JRE version: OpenJDK Runtime Environment Corretto-17.0.13.11.1 (17.0.13+11) (build 17.0.13+11-LTS)
# Java VM: OpenJDK 64-Bit Server VM Corretto-17.0.13.11.1 (17.0.13+11-LTS, mixed mode, emulated-client, sharing, tiered, compressed oops, compressed class ptrs, g1 gc, windows-amd64)
GC Precious Log:
 CPUs: 20 total, 20 available
 Memory: 16128M
 Large Page Support: Disabled
 NUMA Support: Disabled
 Compressed Oops: Enabled (Zero based)
 Heap Region Size: 2M
 Heap Min Capacity: 8M
 Heap Initial Capacity: 254M
 Heap Max Capacity: 4034M
 Pre-touch: Disabled
 Parallel Workers: 15
 Concurrent Workers: 4
 Concurrent Refinement Workers: 15
 Periodic GC: Disabled
Heap:
 garbage-first heap   total 90112K, used 27608K [0x0000000703e00000, 0x0000000800000000)
  region size 2048K, 3 young (6144K), 3 survivors (6144K)
 Metaspace       used 27491K, committed 27840K, reserved 1114112K
  class space    used 3639K, committed 3840K, reserved 1048576K
GC Heap History (11 events):
Event: 0.281 GC heap before
{Heap before GC invocations=0 (full 0):
 garbage-first heap   total 260096K, used 20480K [0x0000000703e00000, 0x0000000800000000)
  region size 2048K, 11 young (22528K), 0 survivors (0K)
 Metaspace       used 3028K, committed 3200K, reserved 1114112K
  class space    used 355K, committed 448K, reserved 1048576K
}
Event: 0.285 GC heap after
{Heap after GC invocations=1 (full 0):
 garbage-first heap   total 260096K, used 14356K [0x0000000703e00000, 0x0000000800000000)
  region size 2048K, 2 young (4096K), 2 survivors (4096K)
 Metaspace       used 3028K, committed 3200K, reserved 1114112K
  class space    used 355K, committed 448K, reserved 1048576K
}
Event: 0.515 GC heap before
{Heap before GC invocations=1 (full 0):
 garbage-first heap   total 260096K, used 26644K [0x0000000703e00000, 0x0000000800000000)
  region size 2048K, 8 young (16384K), 2 survivors (4096K)
 Metaspace       used 7584K, committed 7808K, reserved 1114112K
  class space    used 965K, committed 1088K, reserved 1048576K
}
Event: 0.519 GC heap after
{Heap after GC invocations=2 (full 0):
 garbage-first heap   total 260096K, used 16479K [0x0000000703e00000, 0x0000000800000000)
  region size 2048K, 1 young (2048K), 1 survivors (2048K)
 Metaspace       used 7584K, committed 7808K, reserved 1114112K
  class space    used 965K, committed 1088K, reserved 1048576K
}
Event: 1.148 GC heap before
{Heap before GC invocations=2 (full 0):
 garbage-first heap   total 260096K, used 51295K [0x0000000703e00000, 0x0000000800000000)
  region size 2048K, 19 young (38912K), 1 survivors (2048K)
 Metaspace       used 15326K, committed 15616K, reserved 1114112K
  class space    used 2017K, committed 2176K, reserved 1048576K
}
Event: 1.151 GC heap after
{Heap after GC invocations=3 (full 0):
 garbage-first heap   total 260096K, used 18979K [0x0000000703e00000, 0x0000000800000000)
  region size 2048K, 2 young (4096K), 2 survivors (4096K)
 Metaspace       used 15326K, committed 15616K, reserved 1114112K
  class space    used 2017K, committed 2176K, reserved 1048576K
}
Event: 1.530 GC heap before
{Heap before GC invocations=3 (full 0):
 garbage-first heap   total 260096K, used 57891K [0x0000000703e00000, 0x0000000800000000)
  region size 2048K, 23 young (47104K), 2 survivors (4096K)
 Metaspace       used 21250K, committed 21504K, reserved 1114112K
  class space    used 2800K, committed 2944K, reserved 1048576K
}
Event: 1.534 GC heap after
{Heap after GC invocations=4 (full 0):
 garbage-first heap   total 260096K, used 22852K [0x0000000703e00000, 0x0000000800000000)
  region size 2048K, 4 young (8192K), 4 survivors (8192K)
 Metaspace       used 21250K, committed 21504K, reserved 1114112K
  class space    used 2800K, committed 2944K, reserved 1048576K
}
Event: 1.868 GC heap before
{Heap before GC invocations=5 (full 0):
 garbage-first heap   total 90112K, used 67908K [0x0000000703e00000, 0x0000000800000000)
  region size 2048K, 26 young (53248K), 4 survivors (8192K)
 Metaspace       used 24343K, committed 24704K, reserved 1114112K
  class space    used 3182K, committed 3392K, reserved 1048576K
}
Event: 1.874 GC heap after
{Heap after GC invocations=6 (full 0):
 garbage-first heap   total 90112K, used 25222K [0x0000000703e00000, 0x0000000800000000)
  region size 2048K, 4 young (8192K), 4 survivors (8192K)
 Metaspace       used 24343K, committed 24704K, reserved 1114112K
  class space    used 3182K, committed 3392K, reserved 1048576K
}
Event: 2.157 GC heap before
{Heap before GC invocations=6 (full 0):
 garbage-first heap   total 90112K, used 55942K [0x0000000703e00000, 0x0000000800000000)
  region size 2048K, 19 young (38912K), 4 survivors (8192K)
 Metaspace       used 27491K, committed 27840K, reserved 1114112K
  class space    used 3639K, committed 3840K, reserved 1048576K
}

