# JRE version: OpenJDK Runtime Environment Corretto-17.0.13.11.1 (17.0.13+11) (build 17.0.13+11-LTS)
# Java VM: OpenJDK 64-Bit Server VM Corretto-17.0.13.11.1 (17.0.13+11-LTS, mixed mode, emulated-client, sharing, tiered, compressed oops, compressed class ptrs, g1 gc, windows-amd64)
GC Precious Log:
 CPUs: 20 total, 20 available
 Memory: 16128M
 Large Page Support: Disabled
 NUMA Support: Disabled
 Compressed Oops: Enabled (Zero based)
 Heap Region Size: 2M
 Heap Min Capacity: 8M
 Heap Initial Capacity: 254M
 Heap Max Capacity: 4034M
 Pre-touch: Disabled
 Parallel Workers: 15
 Concurrent Workers: 4
 Concurrent Refinement Workers: 15
 Periodic GC: Disabled
Heap:
 garbage-first heap   total 122880K, used 48401K [0x0000000703e00000, 0x0000000800000000)
  region size 2048K, 5 young (10240K), 4 survivors (8192K)
 Metaspace       used 61743K, committed 62272K, reserved 1114112K
  class space    used 8341K, committed 8576K, reserved 1048576K
GC Heap History (20 events):
Event: 1.782 GC heap before
{Heap before GC invocations=5 (full 0):
 garbage-first heap   total 90112K, used 64829K [0x0000000703e00000, 0x0000000800000000)
  region size 2048K, 26 young (53248K), 4 survivors (8192K)
 Metaspace       used 24864K, committed 25152K, reserved 1114112K
  class space    used 3110K, committed 3264K, reserved 1048576K
}
Event: 1.789 GC heap after
{Heap after GC invocations=6 (full 0):
 garbage-first heap   total 90112K, used 25403K [0x0000000703e00000, 0x0000000800000000)
  region size 2048K, 4 young (8192K), 4 survivors (8192K)
 Metaspace       used 24864K, committed 25152K, reserved 1114112K
  class space    used 3110K, committed 3264K, reserved 1048576K
}
Event: 1.806 GC heap before
{Heap before GC invocations=6 (full 0):
 garbage-first heap   total 90112K, used 27451K [0x0000000703e00000, 0x0000000800000000)
  region size 2048K, 5 young (10240K), 4 survivors (8192K)
 Metaspace       used 24877K, committed 25152K, reserved 1114112K
  class space    used 3113K, committed 3264K, reserved 1048576K
}
Event: 1.810 GC heap after
{Heap after GC invocations=7 (full 0):
 garbage-first heap   total 90112K, used 26272K [0x0000000703e00000, 0x0000000800000000)
  region size 2048K, 1 young (2048K), 1 survivors (2048K)
 Metaspace       used 24877K, committed 25152K, reserved 1114112K
  class space    used 3113K, committed 3264K, reserved 1048576K
}
Event: 2.098 GC heap before
{Heap before GC invocations=7 (full 0):
 garbage-first heap   total 90112K, used 56992K [0x0000000703e00000, 0x0000000800000000)
  region size 2048K, 16 young (32768K), 1 survivors (2048K)
 Metaspace       used 27158K, committed 27520K, reserved 1114112K
  class space    used 3417K, committed 3584K, reserved 1048576K
}
Event: 2.102 GC heap after
{Heap after GC invocations=8 (full 0):
 garbage-first heap   total 149504K, used 27438K [0x0000000703e00000, 0x0000000800000000)
  region size 2048K, 2 young (4096K), 2 survivors (4096K)
 Metaspace       used 27158K, committed 27520K, reserved 1114112K
  class space    used 3417K, committed 3584K, reserved 1048576K
}
Event: 2.892 GC heap before
{Heap before GC invocations=8 (full 0):
 garbage-first heap   total 149504K, used 105262K [0x0000000703e00000, 0x0000000800000000)
  region size 2048K, 40 young (81920K), 2 survivors (4096K)
 Metaspace       used 35162K, committed 35520K, reserved 1114112K
  class space    used 4742K, committed 4928K, reserved 1048576K
}
Event: 2.897 GC heap after
{Heap after GC invocations=9 (full 0):
 garbage-first heap   total 149504K, used 30989K [0x0000000703e00000, 0x0000000800000000)
  region size 2048K, 3 young (6144K), 3 survivors (6144K)
 Metaspace       used 35162K, committed 35520K, reserved 1114112K
  class space    used 4742K, committed 4928K, reserved 1048576K
}
Event: 2.942 GC heap before
{Heap before GC invocations=9 (full 0):
 garbage-first heap   total 149504K, used 35085K [0x0000000703e00000, 0x0000000800000000)
  region size 2048K, 6 young (12288K), 3 survivors (6144K)
 Metaspace       used 35648K, committed 35968K, reserved 1114112K
  class space    used 4837K, committed 4992K, reserved 1048576K
}
Event: 2.946 GC heap after
{Heap after GC invocations=10 (full 0):
 garbage-first heap   total 149504K, used 31533K [0x0000000703e00000, 0x0000000800000000)
  region size 2048K, 4 young (8192K), 4 survivors (8192K)
 Metaspace       used 35648K, committed 35968K, reserved 1114112K
  class space    used 4837K, committed 4992K, reserved 1048576K
}
Event: 3.657 GC heap before
{Heap before GC invocations=11 (full 0):
 garbage-first heap   total 122880K, used 97069K [0x0000000703e00000, 0x0000000800000000)
  region size 2048K, 36 young (73728K), 4 survivors (8192K)
 Metaspace       used 46644K, committed 47104K, reserved 1114112K
  class space    used 6197K, committed 6400K, reserved 1048576K
}
Event: 3.661 GC heap after
{Heap after GC invocations=12 (full 0):
 garbage-first heap   total 122880K, used 38427K [0x0000000703e00000, 0x0000000800000000)
  region size 2048K, 5 young (10240K), 5 survivors (10240K)
 Metaspace       used 46644K, committed 47104K, reserved 1114112K
  class space    used 6197K, committed 6400K, reserved 1048576K
}
Event: 4.202 GC heap before
{Heap before GC invocations=12 (full 0):
 garbage-first heap   total 122880K, used 87579K [0x0000000703e00000, 0x0000000800000000)
  region size 2048K, 30 young (61440K), 5 survivors (10240K)
 Metaspace       used 53829K, committed 54272K, reserved 1114112K
  class space    used 7189K, committed 7424K, reserved 1048576K
}
Event: 4.205 GC heap after
{Heap after GC invocations=13 (full 0):
 garbage-first heap   total 122880K, used 42589K [0x0000000703e00000, 0x0000000800000000)
  region size 2048K, 3 young (6144K), 3 survivors (6144K)
 Metaspace       used 53829K, committed 54272K, reserved 1114112K
  class space    used 7189K, committed 7424K, reserved 1048576K
}
Event: 4.603 GC heap before
{Heap before GC invocations=13 (full 0):
 garbage-first heap   total 122880K, used 89693K [0x0000000703e00000, 0x0000000800000000)
  region size 2048K, 26 young (53248K), 3 survivors (6144K)
 Metaspace       used 59039K, committed 59584K, reserved 1114112K
  class space    used 8006K, committed 8256K, reserved 1048576K
}
Event: 4.605 GC heap after
{Heap after GC invocations=14 (full 0):
 garbage-first heap   total 122880K, used 45301K [0x0000000703e00000, 0x0000000800000000)
  region size 2048K, 4 young (8192K), 4 survivors (8192K)
 Metaspace       used 59039K, committed 59584K, reserved 1114112K
  class space    used 8006K, committed 8256K, reserved 1048576K
}
Event: 4.654 GC heap before
{Heap before GC invocations=14 (full 0):
 garbage-first heap   total 122880K, used 49397K [0x0000000703e00000, 0x0000000800000000)
  region size 2048K, 7 young (14336K), 4 survivors (8192K)
 Metaspace       used 59801K, committed 60288K, reserved 1114112K
  class space    used 8133K, committed 8384K, reserved 1048576K
}
Event: 4.656 GC heap after
{Heap after GC invocations=15 (full 0):
 garbage-first heap   total 122880K, used 45876K [0x0000000703e00000, 0x0000000800000000)
  region size 2048K, 2 young (4096K), 2 survivors (4096K)
 Metaspace       used 59801K, committed 60288K, reserved 1114112K
  class space    used 8133K, committed 8384K, reserved 1048576K
}
Event: 4.873 GC heap before
{Heap before GC invocations=16 (full 0):
 garbage-first heap   total 122880K, used 90932K [0x0000000703e00000, 0x0000000800000000)
  region size 2048K, 25 young (51200K), 2 survivors (4096K)
 Metaspace       used 61743K, committed 62272K, reserved 1114112K
  class space    used 8341K, committed 8576K, reserved 1048576K
}
Event: 4.876 GC heap after
{Heap after GC invocations=17 (full 0):
 garbage-first heap   total 122880K, used 48401K [0x0000000703e00000, 0x0000000800000000)
  region size 2048K, 4 young (8192K), 4 survivors (8192K)
 Metaspace       used 61743K, committed 62272K, reserved 1114112K
  class space    used 8341K, committed 8576K, reserved 1048576K
}

